{"C:\\Users\\Hugo BV\\Desktop\\Front end\\Front Practicas\\React\\rest_api\\src\\router.ts": {"path":"C:\\Users\\Hugo BV\\Desktop\\Front end\\Front Practicas\\React\\rest_api\\src\\router.ts","statementMap":{"0":{"start":{"line":1,"column":0},"end":{"line":1,"column":33}},"1":{"start":{"line":2,"column":0},"end":{"line":2,"column":129}},"2":{"start":{"line":3,"column":0},"end":{"line":3,"column":47}},"3":{"start":{"line":4,"column":0},"end":{"line":4,"column":49}},"4":{"start":{"line":6,"column":15},"end":{"line":6,"column":23}},"5":{"start":{"line":10,"column":0},"end":{"line":10,"column":29}},"6":{"start":{"line":13,"column":0},"end":{"line":17,"column":null}},"7":{"start":{"line":20,"column":0},"end":{"line":29,"column":19}},"8":{"start":{"line":27,"column":25},"end":{"line":27,"column":34}},"9":{"start":{"line":32,"column":0},"end":{"line":44,"column":null}},"10":{"start":{"line":39,"column":25},"end":{"line":39,"column":34}},"11":{"start":{"line":46,"column":0},"end":{"line":50,"column":null}},"12":{"start":{"line":52,"column":0},"end":{"line":56,"column":null}},"13":{"start":{"line":59,"column":0},"end":{"line":59,"column":22}}},"fnMap":{"0":{"name":"(anonymous_0)","decl":{"start":{"line":27,"column":16},"end":{"line":27,"column":21}},"loc":{"start":{"line":27,"column":25},"end":{"line":27,"column":34}}},"1":{"name":"(anonymous_1)","decl":{"start":{"line":39,"column":16},"end":{"line":39,"column":21}},"loc":{"start":{"line":39,"column":25},"end":{"line":39,"column":34}}}},"branchMap":{},"s":{"0":2,"1":2,"2":2,"3":2,"4":2,"5":2,"6":2,"7":2,"8":4,"9":2,"10":5,"11":2,"12":2,"13":2},"f":{"0":4,"1":5},"b":{}}
,"C:\\Users\\Hugo BV\\Desktop\\Front end\\Front Practicas\\React\\rest_api\\src\\server.ts": {"path":"C:\\Users\\Hugo BV\\Desktop\\Front end\\Front Practicas\\React\\rest_api\\src\\server.ts","statementMap":{"0":{"start":{"line":1,"column":0},"end":{"line":1,"column":29}},"1":{"start":{"line":2,"column":0},"end":{"line":2,"column":30}},"2":{"start":{"line":3,"column":0},"end":{"line":3,"column":29}},"3":{"start":{"line":8,"column":4},"end":{"line":15,"column":5}},"4":{"start":{"line":9,"column":8},"end":{"line":9,"column":null}},"5":{"start":{"line":17,"column":0},"end":{"line":17,"column":12}},"6":{"start":{"line":20,"column":15},"end":{"line":20,"column":24}},"7":{"start":{"line":23,"column":0},"end":{"line":23,"column":null}},"8":{"start":{"line":26,"column":0},"end":{"line":26,"column":null}},"9":{"start":{"line":29,"column":0},"end":{"line":31,"column":null}},"10":{"start":{"line":30,"column":4},"end":{"line":30,"column":null}},"11":{"start":{"line":34,"column":0},"end":{"line":34,"column":null}}},"fnMap":{"0":{"name":"connectDB","decl":{"start":{"line":7,"column":15},"end":{"line":7,"column":24}},"loc":{"start":{"line":7,"column":24},"end":{"line":16,"column":1}}},"1":{"name":"(anonymous_2)","decl":{"start":{"line":29,"column":19},"end":{"line":29,"column":20}},"loc":{"start":{"line":29,"column":32},"end":{"line":31,"column":1}}}},"branchMap":{},"s":{"0":2,"1":2,"2":2,"3":2,"4":2,"5":2,"6":2,"7":2,"8":2,"9":2,"10":1,"11":2},"f":{"0":2,"1":1},"b":{}}
,"C:\\Users\\Hugo BV\\Desktop\\Front end\\Front Practicas\\React\\rest_api\\src\\config\\db.ts": {"path":"C:\\Users\\Hugo BV\\Desktop\\Front end\\Front Practicas\\React\\rest_api\\src\\config\\db.ts","statementMap":{"0":{"start":{"line":1,"column":0},"end":{"line":1,"column":49}},"1":{"start":{"line":2,"column":0},"end":{"line":2,"column":28}},"2":{"start":{"line":4,"column":0},"end":{"line":4,"column":null}},"3":{"start":{"line":6,"column":11},"end":{"line":9,"column":2}},"4":{"start":{"line":13,"column":0},"end":{"line":13,"column":18}}},"fnMap":{},"branchMap":{},"s":{"0":2,"1":2,"2":2,"3":2,"4":2},"f":{},"b":{}}
,"C:\\Users\\Hugo BV\\Desktop\\Front end\\Front Practicas\\React\\rest_api\\src\\handlers\\product.ts": {"path":"C:\\Users\\Hugo BV\\Desktop\\Front end\\Front Practicas\\React\\rest_api\\src\\handlers\\product.ts","statementMap":{"0":{"start":{"line":2,"column":0},"end":{"line":2,"column":45}},"1":{"start":{"line":4,"column":27},"end":{"line":16,"column":1}},"2":{"start":{"line":5,"column":4},"end":{"line":14,"column":5}},"3":{"start":{"line":6,"column":25},"end":{"line":10,"column":10}},"4":{"start":{"line":11,"column":8},"end":{"line":11,"column":null}},"5":{"start":{"line":4,"column":13},"end":{"line":4,"column":27}},"6":{"start":{"line":18,"column":30},"end":{"line":34,"column":1}},"7":{"start":{"line":19,"column":4},"end":{"line":32,"column":5}},"8":{"start":{"line":20,"column":23},"end":{"line":20,"column":33}},"9":{"start":{"line":21,"column":24},"end":{"line":21,"column":50}},"10":{"start":{"line":23,"column":8},"end":{"line":27,"column":9}},"11":{"start":{"line":24,"column":12},"end":{"line":26,"column":null}},"12":{"start":{"line":29,"column":8},"end":{"line":29,"column":null}},"13":{"start":{"line":18,"column":13},"end":{"line":18,"column":30}},"14":{"start":{"line":36,"column":29},"end":{"line":44,"column":1}},"15":{"start":{"line":37,"column":4},"end":{"line":42,"column":5}},"16":{"start":{"line":38,"column":24},"end":{"line":38,"column":54}},"17":{"start":{"line":39,"column":8},"end":{"line":39,"column":null}},"18":{"start":{"line":36,"column":13},"end":{"line":36,"column":29}},"19":{"start":{"line":46,"column":29},"end":{"line":61,"column":1}},"20":{"start":{"line":47,"column":19},"end":{"line":47,"column":29}},"21":{"start":{"line":48,"column":20},"end":{"line":48,"column":46}},"22":{"start":{"line":50,"column":4},"end":{"line":54,"column":5}},"23":{"start":{"line":51,"column":8},"end":{"line":53,"column":null}},"24":{"start":{"line":57,"column":4},"end":{"line":57,"column":null}},"25":{"start":{"line":58,"column":4},"end":{"line":58,"column":null}},"26":{"start":{"line":59,"column":4},"end":{"line":59,"column":null}},"27":{"start":{"line":46,"column":13},"end":{"line":46,"column":29}},"28":{"start":{"line":63,"column":34},"end":{"line":79,"column":1}},"29":{"start":{"line":64,"column":19},"end":{"line":64,"column":29}},"30":{"start":{"line":65,"column":20},"end":{"line":65,"column":46}},"31":{"start":{"line":67,"column":4},"end":{"line":71,"column":5}},"32":{"start":{"line":68,"column":8},"end":{"line":70,"column":null}},"33":{"start":{"line":74,"column":4},"end":{"line":74,"column":null}},"34":{"start":{"line":75,"column":4},"end":{"line":75,"column":null}},"35":{"start":{"line":76,"column":4},"end":{"line":76,"column":null}},"36":{"start":{"line":63,"column":13},"end":{"line":63,"column":34}},"37":{"start":{"line":81,"column":29},"end":{"line":95,"column":1}},"38":{"start":{"line":82,"column":19},"end":{"line":82,"column":29}},"39":{"start":{"line":83,"column":20},"end":{"line":83,"column":46}},"40":{"start":{"line":85,"column":4},"end":{"line":89,"column":5}},"41":{"start":{"line":86,"column":8},"end":{"line":88,"column":null}},"42":{"start":{"line":91,"column":4},"end":{"line":91,"column":null}},"43":{"start":{"line":92,"column":4},"end":{"line":92,"column":null}},"44":{"start":{"line":81,"column":13},"end":{"line":81,"column":29}}},"fnMap":{"0":{"name":"(anonymous_1)","decl":{"start":{"line":4,"column":27},"end":{"line":4,"column":32}},"loc":{"start":{"line":4,"column":65},"end":{"line":16,"column":1}}},"1":{"name":"(anonymous_2)","decl":{"start":{"line":18,"column":30},"end":{"line":18,"column":35}},"loc":{"start":{"line":18,"column":68},"end":{"line":34,"column":1}}},"2":{"name":"(anonymous_3)","decl":{"start":{"line":36,"column":29},"end":{"line":36,"column":34}},"loc":{"start":{"line":36,"column":69},"end":{"line":44,"column":1}}},"3":{"name":"(anonymous_4)","decl":{"start":{"line":46,"column":29},"end":{"line":46,"column":34}},"loc":{"start":{"line":46,"column":67},"end":{"line":61,"column":1}}},"4":{"name":"(anonymous_5)","decl":{"start":{"line":63,"column":34},"end":{"line":63,"column":39}},"loc":{"start":{"line":63,"column":72},"end":{"line":79,"column":1}}},"5":{"name":"(anonymous_6)","decl":{"start":{"line":81,"column":29},"end":{"line":81,"column":34}},"loc":{"start":{"line":81,"column":67},"end":{"line":95,"column":1}}}},"branchMap":{"0":{"loc":{"start":{"line":23,"column":8},"end":{"line":27,"column":9}},"type":"if","locations":[{"start":{"line":23,"column":8},"end":{"line":27,"column":9}},{"start":{},"end":{}}]},"1":{"loc":{"start":{"line":50,"column":4},"end":{"line":54,"column":5}},"type":"if","locations":[{"start":{"line":50,"column":4},"end":{"line":54,"column":5}},{"start":{},"end":{}}]},"2":{"loc":{"start":{"line":67,"column":4},"end":{"line":71,"column":5}},"type":"if","locations":[{"start":{"line":67,"column":4},"end":{"line":71,"column":5}},{"start":{},"end":{}}]},"3":{"loc":{"start":{"line":85,"column":4},"end":{"line":89,"column":5}},"type":"if","locations":[{"start":{"line":85,"column":4},"end":{"line":89,"column":5}},{"start":{},"end":{}}]}},"s":{"0":2,"1":2,"2":2,"3":2,"4":2,"5":2,"6":2,"7":2,"8":2,"9":2,"10":2,"11":1,"12":1,"13":2,"14":2,"15":1,"16":1,"17":1,"18":2,"19":2,"20":2,"21":2,"22":2,"23":1,"24":1,"25":1,"26":1,"27":2,"28":2,"29":0,"30":0,"31":0,"32":0,"33":0,"34":0,"35":0,"36":2,"37":2,"38":2,"39":2,"40":2,"41":1,"42":1,"43":1,"44":2},"f":{"0":2,"1":2,"2":1,"3":2,"4":0,"5":2},"b":{"0":[1,1],"1":[1,1],"2":[0,0],"3":[1,1]}}
,"C:\\Users\\Hugo BV\\Desktop\\Front end\\Front Practicas\\React\\rest_api\\src\\middleware\\index.ts": {"path":"C:\\Users\\Hugo BV\\Desktop\\Front end\\Front Practicas\\React\\rest_api\\src\\middleware\\index.ts","statementMap":{"0":{"start":{"line":2,"column":0},"end":{"line":2,"column":52}},"1":{"start":{"line":4,"column":33},"end":{"line":10,"column":1}},"2":{"start":{"line":5,"column":17},"end":{"line":5,"column":38}},"3":{"start":{"line":6,"column":4},"end":{"line":8,"column":5}},"4":{"start":{"line":7,"column":8},"end":{"line":7,"column":null}},"5":{"start":{"line":9,"column":4},"end":{"line":9,"column":null}},"6":{"start":{"line":4,"column":13},"end":{"line":4,"column":33}}},"fnMap":{"0":{"name":"(anonymous_0)","decl":{"start":{"line":4,"column":33},"end":{"line":4,"column":34}},"loc":{"start":{"line":4,"column":85},"end":{"line":10,"column":1}}}},"branchMap":{"0":{"loc":{"start":{"line":6,"column":4},"end":{"line":8,"column":5}},"type":"if","locations":[{"start":{"line":6,"column":4},"end":{"line":8,"column":5}},{"start":{},"end":{}}]}},"s":{"0":2,"1":2,"2":15,"3":15,"4":8,"5":7,"6":2},"f":{"0":15},"b":{"0":[8,7]}}
,"C:\\Users\\Hugo BV\\Desktop\\Front end\\Front Practicas\\React\\rest_api\\src\\models\\Product.model.ts": {"path":"C:\\Users\\Hugo BV\\Desktop\\Front end\\Front Practicas\\React\\rest_api\\src\\models\\Product.model.ts","statementMap":{"0":{"start":{"line":1,"column":0},"end":{"line":1,"column":78}},"1":{"start":{"line":9,"column":0},"end":{"line":25,"column":null}},"2":{"start":{"line":13,"column":12},"end":{"line":13,"column":null}},"3":{"start":{"line":18,"column":12},"end":{"line":18,"column":null}},"4":{"start":{"line":24,"column":12},"end":{"line":24,"column":null}},"5":{"start":{"line":9,"column":6},"end":{"line":25,"column":null}},"6":{"start":{"line":27,"column":0},"end":{"line":27,"column":null}}},"fnMap":{},"branchMap":{},"s":{"0":2,"1":2,"2":2,"3":2,"4":2,"5":2,"6":2},"f":{},"b":{}}
}
