TN:
SF:src\router.ts
FN:27,(anonymous_0)
FN:39,(anonymous_1)
FNF:2
FNH:2
FNDA:4,(anonymous_0)
FNDA:5,(anonymous_1)
DA:1,2
DA:2,2
DA:3,2
DA:4,2
DA:6,2
DA:10,2
DA:13,2
DA:20,2
DA:27,4
DA:32,2
DA:39,5
DA:46,2
DA:52,2
DA:59,2
LF:14
LH:14
BRF:0
BRH:0
end_of_record
TN:
SF:src\server.ts
FN:7,connectDB
FN:29,(anonymous_2)
FNF:2
FNH:2
FNDA:2,connectDB
FNDA:1,(anonymous_2)
DA:1,2
DA:2,2
DA:3,2
DA:8,2
DA:9,2
DA:17,2
DA:20,2
DA:23,2
DA:26,2
DA:29,2
DA:30,1
DA:34,2
LF:12
LH:12
BRF:0
BRH:0
end_of_record
TN:
SF:src\config\db.ts
FNF:0
FNH:0
DA:1,2
DA:2,2
DA:4,2
DA:6,2
DA:13,2
LF:5
LH:5
BRF:0
BRH:0
end_of_record
TN:
SF:src\handlers\product.ts
FN:4,(anonymous_1)
FN:18,(anonymous_2)
FN:36,(anonymous_3)
FN:46,(anonymous_4)
FN:63,(anonymous_5)
FN:81,(anonymous_6)
FNF:6
FNH:5
FNDA:2,(anonymous_1)
FNDA:2,(anonymous_2)
FNDA:1,(anonymous_3)
FNDA:2,(anonymous_4)
FNDA:0,(anonymous_5)
FNDA:2,(anonymous_6)
DA:2,2
DA:4,2
DA:5,2
DA:6,2
DA:11,2
DA:18,2
DA:19,2
DA:20,2
DA:21,2
DA:23,2
DA:24,1
DA:29,1
DA:36,2
DA:37,1
DA:38,1
DA:39,1
DA:46,2
DA:47,2
DA:48,2
DA:50,2
DA:51,1
DA:57,1
DA:58,1
DA:59,1
DA:63,2
DA:64,0
DA:65,0
DA:67,0
DA:68,0
DA:74,0
DA:75,0
DA:76,0
DA:81,2
DA:82,2
DA:83,2
DA:85,2
DA:86,1
DA:91,1
DA:92,1
LF:39
LH:32
BRDA:23,0,0,1
BRDA:23,0,1,1
BRDA:50,1,0,1
BRDA:50,1,1,1
BRDA:67,2,0,0
BRDA:67,2,1,0
BRDA:85,3,0,1
BRDA:85,3,1,1
BRF:8
BRH:6
end_of_record
TN:
SF:src\middleware\index.ts
FN:4,(anonymous_0)
FNF:1
FNH:1
FNDA:15,(anonymous_0)
DA:2,2
DA:4,2
DA:5,15
DA:6,15
DA:7,8
DA:9,7
LF:6
LH:6
BRDA:6,0,0,8
BRDA:6,0,1,7
BRF:2
BRH:2
end_of_record
TN:
SF:src\models\Product.model.ts
FNF:0
FNH:0
DA:1,2
DA:9,2
DA:13,2
DA:18,2
DA:24,2
DA:27,2
LF:6
LH:6
BRF:0
BRH:0
end_of_record
